Group 7 MDP Android/app/build/intermediates/manifest_merge_blame_file/debug/manifest-merger-blame-debug-report.txt
1<?xml version="1.0" encoding="utf-8"?>
2<manifest xmlns:android="http://schemas.android.com/apk/res/android"
3    package="com.example.group7.mdp"
4    android:versionCode="1"
5    android:versionName="1.0" >
6
7    <uses-sdk
8        android:minSdkVersion="15"
8-->src\main\AndroidManifest.xml
9        android:targetSdkVersion="26" />
9-->src\main\AndroidManifest.xml
10
11    <!-- Permission for Bluetooth acess -->
12    <uses-permission android:name="android.permission.BLUETOOTH" />
12-->src\main\AndroidManifest.xml:6:5-68
12-->src\main\AndroidManifest.xml:6:22-65
13    <uses-permission android:name="android.permission.BLUETOOTH_ADMIN" />
13-->src\main\AndroidManifest.xml:7:5-74
13-->src\main\AndroidManifest.xml:7:22-71
14    <uses-permission android:name="android.permission.ACCESS_COARSE_LOCATION" />
14-->src\main\AndroidManifest.xml:8:5-81
14-->src\main\AndroidManifest.xml:8:22-78
15    <!-- Sending Message to AMD tool -->
16    <uses-permission android:name="android.permission.WRITE_EXTERNAL_STORAGE" />
16-->src\main\AndroidManifest.xml:10:5-81
16-->src\main\AndroidManifest.xml:10:22-78
17    <!-- Reading Message to AMD tool -->
18    <uses-permission android:name="android.permission.READ_EXTERNAL_STORAGE" />
18-->src\main\AndroidManifest.xml:12:5-80
18-->src\main\AndroidManifest.xml:12:22-77
19
20    <application
20-->src\main\AndroidManifest.xml:14:5-41:19
21        android:allowBackup="true"
21-->src\main\AndroidManifest.xml:15:9-35
22        android:debuggable="true"
23        android:icon="@mipmap/ic_launcher"
23-->src\main\AndroidManifest.xml:16:9-43
24        android:label="@string/app_name"
24-->src\main\AndroidManifest.xml:17:9-41
25        android:roundIcon="@mipmap/ic_launcher_round"
25-->src\main\AndroidManifest.xml:18:9-54
26        android:supportsRtl="true"
26-->src\main\AndroidManifest.xml:19:9-35
27        android:testOnly="true"
28        android:theme="@style/AppTheme" >
28-->src\main\AndroidManifest.xml:20:9-40
29        <activity
29-->src\main\AndroidManifest.xml:21:9-31:20
30            android:name="com.example.group7.mdp.MainActivity"
30-->src\main\AndroidManifest.xml:22:13-63
31            android:label="@string/app_name"
31-->src\main\AndroidManifest.xml:23:13-45
32            android:screenOrientation="portrait"
32-->src\main\AndroidManifest.xml:25:13-49
33            android:theme="@style/AppTheme.NoActionBar" >
33-->src\main\AndroidManifest.xml:24:13-56
34            <intent-filter>
34-->src\main\AndroidManifest.xml:26:13-30:29
35                <action android:name="android.intent.action.MAIN" />
35-->src\main\AndroidManifest.xml:27:17-69
35-->src\main\AndroidManifest.xml:27:25-66
36
37                <category android:name="android.intent.category.LAUNCHER" />
37-->src\main\AndroidManifest.xml:29:17-77
37-->src\main\AndroidManifest.xml:29:27-74
38            </intent-filter>
39        </activity>
40        <activity
40-->src\main\AndroidManifest.xml:32:9-35:52
41            android:name="com.example.group7.mdp.SettingsActivity"
41-->src\main\AndroidManifest.xml:33:13-67
42            android:parentActivityName="com.example.group7.mdp.MainActivity"
42-->src\main\AndroidManifest.xml:34:13-77
43            android:screenOrientation="portrait" />
43-->src\main\AndroidManifest.xml:35:13-49
44        <activity
44-->src\main\AndroidManifest.xml:37:9-40:52
45            android:name="com.example.group7.mdp.LogActivity"
45-->src\main\AndroidManifest.xml:38:13-62
46            android:parentActivityName="com.example.group7.mdp.MainActivity"
46-->src\main\AndroidManifest.xml:39:13-77
47            android:screenOrientation="portrait" />
47-->src\main\AndroidManifest.xml:40:13-49
48
49        <meta-data
49-->[com.android.support:design:26.1.0] AndroidManifest.xml:26:9-28:38
50            android:name="android.support.VERSION"
50-->[com.android.support:design:26.1.0] AndroidManifest.xml:27:13-51
51            android:value="26.1.0" />
51-->[com.android.support:design:26.1.0] AndroidManifest.xml:28:13-35
52        <meta-data
52-->[android.arch.lifecycle:runtime:1.0.0] AndroidManifest.xml:25:9-27:47
53            android:name="android.arch.lifecycle.VERSION"
53-->[android.arch.lifecycle:runtime:1.0.0] AndroidManifest.xml:26:13-58
54            android:value="27.0.0-SNAPSHOT" />
54-->[android.arch.lifecycle:runtime:1.0.0] AndroidManifest.xml:27:13-44
55    </application>
56
57</manifest>